Load "f:\\ti\\mspm0_sdk_1_10_00_05\\car_ti _s\\keil\\Objects\\empty_LP_MSPM0L1306_nortos_keil.axf" 
Set JLink Project File to "f:\ti\mspm0_sdk_1_10_00_05\car_ti _s\keil\JLinkSettings.ini"* JLink Info: Device "MSPM0L1306" selected.

JLink info:
------------
DLL: V7.90 , compiled Aug  2 2023 15:18:43
Firmware: J-Link V9 compiled May  7 2021 16:26:12
Hardware: V9.40
S/N : 69408615 
Feature(s) : RDI, GDB, FlashDL, FlashBP, JFlash 

* JLink Info: Found SW-DP with ID 0x6BA02477
* JLink Info: DPIDR: 0x6BA02477
* JLink Info: CoreSight SoC-400 or earlier
* JLink Info: Scanning AP map to find all available APs
* JLink Info: AP[5]: Stopped AP scan as end of AP map has been reached
* JLink Info: AP[0]: AHB-AP (IDR: 0x84770001)
* JLink Info: AP[1]: MEM-AP (IDR: 0x002E0001)
* JLink Info: AP[2]: JTAG-AP (IDR: 0x002E0000)
* JLink Info: AP[3]: MEM-AP (IDR: 0x002E0003)
* JLink Info: AP[4]: MEM-AP (IDR: 0x002E0002)
* JLink Info: Iterating through AP map to find AHB-AP to use
* JLink Info: AP[0]: Core found
* JLink Info: AP[0]: AHB-AP ROM base: 0xF0000000
* JLink Info: CPUID register: 0x410CC601. Implementer code: 0x41 (ARM)
* JLink Info: Found Cortex-M0 r0p1, Little endian.
* JLink Info: FPUnit: 4 code (BP) slots and 0 literal slots
* JLink Info: CoreSight components:
* JLink Info: ROMTbl[0] @ F0000000
* JLink Info: [0][0]: E00FF000 CID B105100D PID 000BB4C0 ROM Table
* JLink Info: ROMTbl[1] @ E00FF000
* JLink Info: [1][0]: E000E000 CID B105E00D PID 000BB008 SCS
* JLink Info: [1][1]: E0001000 CID B105E00D PID 000BB00A DWT
* JLink Info: [1][2]: E0002000 CID B105E00D PID 000BB00B FPB
ROMTableAddr = 0xF0000000
* JLink Info: ResetTarget() start
* JLink Info: DAP initialized successfully.
* JLink Info: ResetTarget() end - Took 8.19ms

Target info:
------------
Device: MSPM0L1306
VTarget = 3.322V
State of Pins: TCK: 0, TDI: 0, TDO: 0, TMS: 1, TRES: 1, TRST: 0
Hardware-Breakpoints: 4
Software-Breakpoints: 8192
Watchpoints:          2
JTAG speed: 4000 kHz

Erase Done.Programming Done.Verify OK.* JLink Info: ResetTarget() start
* JLink Info: DAP initialized successfully.
* JLink Info: ResetTarget() end - Took 8.26ms
Application running ...
Flash Load finished at 22:38:28
